0 info it worked if it ends with ok
1 verbose cli [ 'C:\\Program Files\\nodejs\\node.exe',
1 verbose cli   'C:\\Program Files\\nodejs\\node_modules\\npm\\bin\\npm-cli.js',
1 verbose cli   'install',
1 verbose cli   'spotify',
1 verbose cli   '--save' ]
2 info using npm@2.15.9
3 info using node@v4.5.0
4 verbose install initial load of C:\Users\Gary\week-10-LIRIBot\liri-node-app\package.json
5 verbose stack Error: EISDIR: illegal operation on a directory, read
5 verbose stack     at Error (native)
6 verbose cwd C:\Users\Gary\week-10-LIRIBot\liri-node-app\package.json
7 error Windows_NT 10.0.14393
8 error argv "C:\\Program Files\\nodejs\\node.exe" "C:\\Program Files\\nodejs\\node_modules\\npm\\bin\\npm-cli.js" "install" "spotify" "--save"
9 error node v4.5.0
10 error npm  v2.15.9
11 error code EISDIR
12 error errno -4068
13 error syscall read
14 error eisdir EISDIR: illegal operation on a directory, read
14 error eisdir This is most likely not a problem with npm itself
14 error eisdir and is related to npm not being able to find a package.json in
14 error eisdir a package you are trying to install.
15 verbose exit [ -4068, true ]
